<?xml version="1.0" encoding="UTF-8"?>
<!-- Generated by org.testng.reporters.JUnitReportReporter -->
<testsuite hostname="Satynarayan" failures="0" tests="1" name="Project1.Ecommerce_Amazon.TC11_Entire_Checkout_Process" time="89.198" errors="0" timestamp="2024-12-07T19:50:51 IST" skipped="0">
  <testcase classname="Project1.Ecommerce_Amazon.TC11_Entire_Checkout_Process" name="checkout_process" time="89.198">
    <system-out>
      <![CDATA[Test cases executed by Itestlistener and pass  ]]>
    </system-out>
  </testcase> <!-- checkout_process -->
  <system-out>
    <![CDATA[Test cases executed by Itestlistener and pass  ]]>
  </system-out>
</testsuite> <!-- Project1.Ecommerce_Amazon.TC11_Entire_Checkout_Process -->
