<?xml version="1.0" encoding="UTF-8"?>
<!-- Generated by org.testng.reporters.JUnitReportReporter -->
<testsuite hostname="Satynarayan" failures="0" tests="1" name="Project1.Ecommerce_Amazon.TC06_searching_with_filter_category" time="37.865" errors="0" timestamp="2024-12-10T20:02:54 IST" skipped="0">
  <testcase classname="Project1.Ecommerce_Amazon.TC06_searching_with_filter_category" name="Search_Filter_Category" time="37.865">
    <system-out>
      <![CDATA[Test cases executed by Itestlistener and pass  ]]>
    </system-out>
  </testcase> <!-- Search_Filter_Category -->
  <system-out>
    <![CDATA[Test cases executed by Itestlistener and pass  ]]>
  </system-out>
</testsuite> <!-- Project1.Ecommerce_Amazon.TC06_searching_with_filter_category -->
