<?xml version="1.0" encoding="UTF-8"?>
<!-- Generated by org.testng.reporters.JUnitReportReporter -->
<testsuite hostname="Satynarayan" failures="0" tests="1" name="Project1.Ecommerce_Amazon.TC01_Register_New_User" time="8.985" errors="0" timestamp="2024-11-19T22:29:49 IST" skipped="0">
  <testcase classname="Project1.Ecommerce_Amazon.TC01_Register_New_User" name="register_new_user" time="8.985">
    <system-out>
      <![CDATA[Test cases executed by Itestlistener and pass  ]]>
    </system-out>
  </testcase> <!-- register_new_user -->
  <system-out>
    <![CDATA[Test cases executed by Itestlistener and pass  ]]>
  </system-out>
</testsuite> <!-- Project1.Ecommerce_Amazon.TC01_Register_New_User -->
