<?xml version="1.0" encoding="UTF-8"?>
<!-- Generated by org.testng.reporters.JUnitReportReporter -->
<testsuite hostname="Satynarayan" failures="0" tests="1" name="Project1.Ecommerce_Amazon.TC09_Added_to_the_shopping_cart" time="21.955" errors="0" timestamp="2024-11-19T20:25:48 IST" skipped="0">
  <testcase classname="Project1.Ecommerce_Amazon.TC09_Added_to_the_shopping_cart" name="addtocart" time="21.955"/>
</testsuite> <!-- Project1.Ecommerce_Amazon.TC09_Added_to_the_shopping_cart -->
