<?xml version="1.0" encoding="UTF-8"?>
<!-- Generated by org.testng.reporters.JUnitReportReporter -->
<testsuite hostname="Satynarayan" failures="0" tests="1" name="Project1.Ecommerce_Amazon.TC15_Reachtill_Cartpage_without_login" time="12.628" errors="0" timestamp="2024-11-24T20:39:14 IST" skipped="0">
  <testcase classname="Project1.Ecommerce_Amazon.TC15_Reachtill_Cartpage_without_login" name="reachcartpage" time="12.628">
    <system-out>
      <![CDATA[Test cases executed by Itestlistener and pass  ]]>
    </system-out>
  </testcase> <!-- reachcartpage -->
  <system-out>
    <![CDATA[Test cases executed by Itestlistener and pass  ]]>
  </system-out>
</testsuite> <!-- Project1.Ecommerce_Amazon.TC15_Reachtill_Cartpage_without_login -->
