<?xml version="1.0" encoding="UTF-8"?>
<!-- Generated by org.testng.reporters.JUnitReportReporter -->
<testsuite hostname="Satynarayan" failures="0" tests="1" name="Project1.Ecommerce_Amazon.TC06_searching_with_filter_category" time="13.084" errors="0" timestamp="2024-11-26T12:12:35 IST" skipped="0">
  <testcase classname="Project1.Ecommerce_Amazon.TC06_searching_with_filter_category" name="Search_Filter_Category" time="13.084">
    <system-out>
      <![CDATA[Test cases executed by Itestlistener and pass  ]]>
    </system-out>
  </testcase> <!-- Search_Filter_Category -->
  <system-out>
    <![CDATA[Test cases executed by Itestlistener and pass  ]]>
  </system-out>
</testsuite> <!-- Project1.Ecommerce_Amazon.TC06_searching_with_filter_category -->
