<?xml version="1.0" encoding="UTF-8"?>
<!-- Generated by org.testng.reporters.JUnitReportReporter -->
<testsuite hostname="Satynarayan" failures="0" tests="1" name="Project1.Ecommerce_Amazon.TC10_Cart_Item_quantities_and_removing_items" time="38.399" errors="0" timestamp="2024-12-03T20:41:05 IST" skipped="0">
  <testcase classname="Project1.Ecommerce_Amazon.TC10_Cart_Item_quantities_and_removing_items" name="Iteam_count_remove" time="38.399">
    <system-out>
      <![CDATA[Test cases executed by Itestlistener and pass  ]]>
    </system-out>
  </testcase> <!-- Iteam_count_remove -->
  <system-out>
    <![CDATA[Test cases executed by Itestlistener and pass  ]]>
  </system-out>
</testsuite> <!-- Project1.Ecommerce_Amazon.TC10_Cart_Item_quantities_and_removing_items -->
