<?xml version="1.0" encoding="UTF-8"?>
<!-- Generated by org.testng.reporters.JUnitReportReporter -->
<testsuite hostname="Satynarayan" failures="0" tests="1" name="Project1.Ecommerce_Amazon.TC13_Coupon_Code_Apply" time="35.824" errors="0" timestamp="2024-12-07T19:42:23 IST" skipped="0">
  <testcase classname="Project1.Ecommerce_Amazon.TC13_Coupon_Code_Apply" name="CouponCodeadd" time="35.824">
    <system-out>
      <![CDATA[Test cases executed by Itestlistener and pass  ]]>
    </system-out>
  </testcase> <!-- CouponCodeadd -->
  <system-out>
    <![CDATA[Test cases executed by Itestlistener and pass  ]]>
  </system-out>
</testsuite> <!-- Project1.Ecommerce_Amazon.TC13_Coupon_Code_Apply -->
