<?xml version="1.0" encoding="UTF-8"?>
<!-- Generated by org.testng.reporters.JUnitReportReporter -->
<testsuite hostname="Satynarayan" failures="0" tests="1" name="Project1.Ecommerce_Amazon.TC08_Sorted_by_price_rating" time="21.466" errors="0" timestamp="2024-12-09T15:58:03 IST" skipped="0">
  <testcase classname="Project1.Ecommerce_Amazon.TC08_Sorted_by_price_rating" name="sorting_the_product" time="21.466">
    <system-out>
      <![CDATA[Test cases executed by Itestlistener and pass  ]]>
    </system-out>
  </testcase> <!-- sorting_the_product -->
  <system-out>
    <![CDATA[Test cases executed by Itestlistener and pass  ]]>
  </system-out>
</testsuite> <!-- Project1.Ecommerce_Amazon.TC08_Sorted_by_price_rating -->
