<?xml version="1.0" encoding="UTF-8"?>
<!-- Generated by org.testng.reporters.JUnitReportReporter -->
<testsuite hostname="Satynarayan" failures="0" tests="1" name="Project1.Ecommerce_Amazon.TC12_Select_Each_Payment_Method" time="52.791" errors="0" timestamp="2024-11-28T21:11:33 IST" skipped="0">
  <testcase classname="Project1.Ecommerce_Amazon.TC12_Select_Each_Payment_Method" name="Payment_Methods" time="52.791">
    <system-out>
      <![CDATA[Test cases executed by Itestlistener and pass  ]]>
    </system-out>
  </testcase> <!-- Payment_Methods -->
  <system-out>
    <![CDATA[Test cases executed by Itestlistener and pass  ]]>
  </system-out>
</testsuite> <!-- Project1.Ecommerce_Amazon.TC12_Select_Each_Payment_Method -->
