<?xml version="1.0" encoding="UTF-8"?>
<!-- Generated by org.testng.reporters.JUnitReportReporter -->
<testsuite hostname="Satynarayan" failures="0" tests="1" name="Project1.Ecommerce_Amazon.Verify_login_Valid_ids_TC02" time="5.323" errors="0" timestamp="2024-11-17T23:46:58 IST" skipped="0">
  <testcase classname="Project1.Ecommerce_Amazon.Verify_login_Valid_ids_TC02" name="loginuser" time="5.323"/>
</testsuite> <!-- Project1.Ecommerce_Amazon.Verify_login_Valid_ids_TC02 -->
