<?xml version="1.0" encoding="UTF-8"?>
<!-- Generated by org.testng.reporters.JUnitReportReporter -->
<testsuite hostname="Satynarayan" failures="0" tests="1" name="Project1.Ecommerce_Amazon.TC05_Searching_products" time="20.076" errors="0" timestamp="2024-11-19T22:33:19 IST" skipped="0">
  <testcase classname="Project1.Ecommerce_Amazon.TC05_Searching_products" name="SearchProduct" time="20.076">
    <system-out>
      <![CDATA[Test cases executed by Itestlistener and pass  ]]>
    </system-out>
  </testcase> <!-- SearchProduct -->
  <system-out>
    <![CDATA[Test cases executed by Itestlistener and pass  ]]>
  </system-out>
</testsuite> <!-- Project1.Ecommerce_Amazon.TC05_Searching_products -->
