<?xml version="1.0" encoding="UTF-8"?>
<!-- Generated by org.testng.reporters.JUnitReportReporter -->
<testsuite hostname="Satynarayan" failures="0" tests="1" name="Project1.Ecommerce_Amazon.Register_New_User_TC01" time="7.353" errors="0" timestamp="2024-11-15T13:42:24 IST" skipped="0">
  <testcase classname="Project1.Ecommerce_Amazon.Register_New_User_TC01" name="register_new_user" time="7.353"/>
</testsuite> <!-- Project1.Ecommerce_Amazon.Register_New_User_TC01 -->
