<?xml version="1.0" encoding="UTF-8"?>
<!-- Generated by org.testng.reporters.JUnitReportReporter -->
<testsuite hostname="Satynarayan" failures="0" tests="3" name="Project1.Ecommerce_Amazon.TC01_Register_New_User" time="37.475" errors="0" timestamp="2024-11-19T17:16:56 IST" skipped="0">
  <testcase classname="Project1.Ecommerce_Amazon.TC01_Register_New_User" name="register_new_user" time="12.546"/>
  <testcase classname="Project1.Ecommerce_Amazon.TC01_Register_New_User" name="register_new_user" time="12.332"/>
  <testcase classname="Project1.Ecommerce_Amazon.TC01_Register_New_User" name="register_new_user" time="12.597"/>
</testsuite> <!-- Project1.Ecommerce_Amazon.TC01_Register_New_User -->
